{"C:\\Users\\wsiel\\Documents\\DevWeb\\FoulTarnished\\src\\config\\database.ts": {"path":"C:\\Users\\wsiel\\Documents\\DevWeb\\FoulTarnished\\src\\config\\database.ts","statementMap":{"0":{"start":{"line":1,"column":0},"end":{"line":1,"column":37}},"1":{"start":{"line":2,"column":0},"end":{"line":2,"column":32}},"2":{"start":{"line":5,"column":0},"end":{"line":5,"column":16}},"3":{"start":{"line":8,"column":18},"end":{"line":16,"column":2}},"4":{"start":{"line":19,"column":0},"end":{"line":19,"column":25}}},"fnMap":{},"branchMap":{},"s":{"0":5,"1":5,"2":5,"3":5,"4":5},"f":{},"b":{}}
,"C:\\Users\\wsiel\\Documents\\DevWeb\\FoulTarnished\\src\\errors\\ EmailAlreadyInUseError.ts": {"path":"C:\\Users\\wsiel\\Documents\\DevWeb\\FoulTarnished\\src\\errors\\ EmailAlreadyInUseError.ts","statementMap":{"0":{"start":{"line":1,"column":0},"end":{"line":1,"column":38}},"1":{"start":{"line":5,"column":8},"end":{"line":5,"column":70}},"2":{"start":{"line":3,"column":0},"end":{"line":3,"column":14}}},"fnMap":{"0":{"name":"(anonymous_0)","decl":{"start":{"line":4,"column":4},"end":{"line":4,"column":null}},"loc":{"start":{"line":4,"column":4},"end":{"line":6,"column":5}}}},"branchMap":{},"s":{"0":1,"1":1,"2":1},"f":{"0":1},"b":{}}
,"C:\\Users\\wsiel\\Documents\\DevWeb\\FoulTarnished\\src\\errors\\AdminNotFoundError.ts": {"path":"C:\\Users\\wsiel\\Documents\\DevWeb\\FoulTarnished\\src\\errors\\AdminNotFoundError.ts","statementMap":{"0":{"start":{"line":1,"column":0},"end":{"line":1,"column":40}},"1":{"start":{"line":5,"column":8},"end":{"line":5,"column":74}},"2":{"start":{"line":3,"column":0},"end":{"line":3,"column":13}}},"fnMap":{"0":{"name":"(anonymous_0)","decl":{"start":{"line":4,"column":4},"end":{"line":4,"column":null}},"loc":{"start":{"line":4,"column":4},"end":{"line":6,"column":5}}}},"branchMap":{},"s":{"0":1,"1":3,"2":1},"f":{"0":3},"b":{}}
,"C:\\Users\\wsiel\\Documents\\DevWeb\\FoulTarnished\\src\\errors\\ArmorAlreadyExistsError.ts": {"path":"C:\\Users\\wsiel\\Documents\\DevWeb\\FoulTarnished\\src\\errors\\ArmorAlreadyExistsError.ts","statementMap":{"0":{"start":{"line":1,"column":0},"end":{"line":1,"column":40}},"1":{"start":{"line":5,"column":8},"end":{"line":5,"column":74}},"2":{"start":{"line":3,"column":0},"end":{"line":3,"column":13}}},"fnMap":{"0":{"name":"(anonymous_0)","decl":{"start":{"line":4,"column":4},"end":{"line":4,"column":null}},"loc":{"start":{"line":4,"column":4},"end":{"line":6,"column":5}}}},"branchMap":{},"s":{"0":1,"1":1,"2":1},"f":{"0":1},"b":{}}
,"C:\\Users\\wsiel\\Documents\\DevWeb\\FoulTarnished\\src\\errors\\ArmorNotFoundError.ts": {"path":"C:\\Users\\wsiel\\Documents\\DevWeb\\FoulTarnished\\src\\errors\\ArmorNotFoundError.ts","statementMap":{"0":{"start":{"line":2,"column":0},"end":{"line":2,"column":40}},"1":{"start":{"line":6,"column":8},"end":{"line":6,"column":69}},"2":{"start":{"line":4,"column":0},"end":{"line":4,"column":13}}},"fnMap":{"0":{"name":"(anonymous_0)","decl":{"start":{"line":5,"column":4},"end":{"line":5,"column":null}},"loc":{"start":{"line":5,"column":4},"end":{"line":7,"column":5}}}},"branchMap":{},"s":{"0":1,"1":3,"2":1},"f":{"0":3},"b":{}}
,"C:\\Users\\wsiel\\Documents\\DevWeb\\FoulTarnished\\src\\errors\\BaseError.ts": {"path":"C:\\Users\\wsiel\\Documents\\DevWeb\\FoulTarnished\\src\\errors\\BaseError.ts","statementMap":{"0":{"start":{"line":5,"column":8},"end":{"line":5,"column":23}},"1":{"start":{"line":6,"column":8},"end":{"line":6,"column":25}},"2":{"start":{"line":7,"column":8},"end":{"line":7,"column":37}},"3":{"start":{"line":9,"column":8},"end":{"line":9,"column":58}},"4":{"start":{"line":1,"column":0},"end":{"line":1,"column":13}}},"fnMap":{"0":{"name":"(anonymous_0)","decl":{"start":{"line":4,"column":4},"end":{"line":4,"column":16}},"loc":{"start":{"line":4,"column":63},"end":{"line":10,"column":5}}}},"branchMap":{"0":{"loc":{"start":{"line":4,"column":47},"end":{"line":4,"column":63}},"type":"default-arg","locations":[{"start":{"line":4,"column":60},"end":{"line":4,"column":63}}]}},"s":{"0":25,"1":25,"2":25,"3":25,"4":5},"f":{"0":25},"b":{"0":[0]}}
,"C:\\Users\\wsiel\\Documents\\DevWeb\\FoulTarnished\\src\\errors\\RequiredFieldsAreMissingError.ts": {"path":"C:\\Users\\wsiel\\Documents\\DevWeb\\FoulTarnished\\src\\errors\\RequiredFieldsAreMissingError.ts","statementMap":{"0":{"start":{"line":1,"column":0},"end":{"line":1,"column":38}},"1":{"start":{"line":5,"column":8},"end":{"line":5,"column":98}},"2":{"start":{"line":3,"column":0},"end":{"line":3,"column":13}}},"fnMap":{"0":{"name":"(anonymous_0)","decl":{"start":{"line":4,"column":4},"end":{"line":4,"column":null}},"loc":{"start":{"line":4,"column":4},"end":{"line":6,"column":5}}}},"branchMap":{},"s":{"0":5,"1":5,"2":5},"f":{"0":5},"b":{}}
,"C:\\Users\\wsiel\\Documents\\DevWeb\\FoulTarnished\\src\\errors\\ShieldAlreadyExistsError.ts": {"path":"C:\\Users\\wsiel\\Documents\\DevWeb\\FoulTarnished\\src\\errors\\ShieldAlreadyExistsError.ts","statementMap":{"0":{"start":{"line":1,"column":0},"end":{"line":1,"column":38}},"1":{"start":{"line":5,"column":8},"end":{"line":5,"column":80}},"2":{"start":{"line":3,"column":0},"end":{"line":3,"column":13}}},"fnMap":{"0":{"name":"(anonymous_0)","decl":{"start":{"line":4,"column":4},"end":{"line":4,"column":null}},"loc":{"start":{"line":4,"column":4},"end":{"line":6,"column":5}}}},"branchMap":{},"s":{"0":1,"1":1,"2":1},"f":{"0":1},"b":{}}
,"C:\\Users\\wsiel\\Documents\\DevWeb\\FoulTarnished\\src\\errors\\ShieldNotFoundError.ts": {"path":"C:\\Users\\wsiel\\Documents\\DevWeb\\FoulTarnished\\src\\errors\\ShieldNotFoundError.ts","statementMap":{"0":{"start":{"line":1,"column":0},"end":{"line":1,"column":40}},"1":{"start":{"line":5,"column":8},"end":{"line":5,"column":68}},"2":{"start":{"line":3,"column":0},"end":{"line":3,"column":13}}},"fnMap":{"0":{"name":"(anonymous_0)","decl":{"start":{"line":4,"column":4},"end":{"line":4,"column":null}},"loc":{"start":{"line":4,"column":4},"end":{"line":6,"column":5}}}},"branchMap":{},"s":{"0":1,"1":3,"2":1},"f":{"0":3},"b":{}}
,"C:\\Users\\wsiel\\Documents\\DevWeb\\FoulTarnished\\src\\errors\\TalismanAlreadyExistsError.ts": {"path":"C:\\Users\\wsiel\\Documents\\DevWeb\\FoulTarnished\\src\\errors\\TalismanAlreadyExistsError.ts","statementMap":{"0":{"start":{"line":1,"column":0},"end":{"line":1,"column":38}},"1":{"start":{"line":5,"column":8},"end":{"line":5,"column":84}},"2":{"start":{"line":3,"column":0},"end":{"line":3,"column":13}}},"fnMap":{"0":{"name":"(anonymous_0)","decl":{"start":{"line":4,"column":4},"end":{"line":4,"column":null}},"loc":{"start":{"line":4,"column":4},"end":{"line":6,"column":5}}}},"branchMap":{},"s":{"0":1,"1":1,"2":1},"f":{"0":1},"b":{}}
,"C:\\Users\\wsiel\\Documents\\DevWeb\\FoulTarnished\\src\\errors\\TalismanNotFoundError.ts": {"path":"C:\\Users\\wsiel\\Documents\\DevWeb\\FoulTarnished\\src\\errors\\TalismanNotFoundError.ts","statementMap":{"0":{"start":{"line":1,"column":0},"end":{"line":1,"column":40}},"1":{"start":{"line":5,"column":8},"end":{"line":5,"column":72}},"2":{"start":{"line":3,"column":0},"end":{"line":3,"column":13}}},"fnMap":{"0":{"name":"(anonymous_0)","decl":{"start":{"line":4,"column":4},"end":{"line":4,"column":null}},"loc":{"start":{"line":4,"column":4},"end":{"line":6,"column":5}}}},"branchMap":{},"s":{"0":1,"1":3,"2":1},"f":{"0":3},"b":{}}
,"C:\\Users\\wsiel\\Documents\\DevWeb\\FoulTarnished\\src\\errors\\WeaponAlreadyExistsError.ts": {"path":"C:\\Users\\wsiel\\Documents\\DevWeb\\FoulTarnished\\src\\errors\\WeaponAlreadyExistsError.ts","statementMap":{"0":{"start":{"line":1,"column":0},"end":{"line":1,"column":38}},"1":{"start":{"line":5,"column":8},"end":{"line":5,"column":78}},"2":{"start":{"line":3,"column":0},"end":{"line":3,"column":13}}},"fnMap":{"0":{"name":"(anonymous_0)","decl":{"start":{"line":4,"column":4},"end":{"line":4,"column":null}},"loc":{"start":{"line":4,"column":4},"end":{"line":6,"column":5}}}},"branchMap":{},"s":{"0":1,"1":1,"2":1},"f":{"0":1},"b":{}}
,"C:\\Users\\wsiel\\Documents\\DevWeb\\FoulTarnished\\src\\errors\\WeaponNotFoundError.ts": {"path":"C:\\Users\\wsiel\\Documents\\DevWeb\\FoulTarnished\\src\\errors\\WeaponNotFoundError.ts","statementMap":{"0":{"start":{"line":1,"column":0},"end":{"line":1,"column":40}},"1":{"start":{"line":5,"column":8},"end":{"line":5,"column":66}},"2":{"start":{"line":3,"column":0},"end":{"line":3,"column":13}}},"fnMap":{"0":{"name":"(anonymous_0)","decl":{"start":{"line":4,"column":4},"end":{"line":4,"column":null}},"loc":{"start":{"line":4,"column":4},"end":{"line":6,"column":5}}}},"branchMap":{},"s":{"0":1,"1":3,"2":1},"f":{"0":3},"b":{}}
,"C:\\Users\\wsiel\\Documents\\DevWeb\\FoulTarnished\\src\\models\\Admin.ts": {"path":"C:\\Users\\wsiel\\Documents\\DevWeb\\FoulTarnished\\src\\models\\Admin.ts","statementMap":{"0":{"start":{"line":2,"column":0},"end":{"line":2,"column":55}},"1":{"start":{"line":3,"column":0},"end":{"line":3,"column":43}},"2":{"start":{"line":15,"column":0},"end":{"line":15,"column":13}},"3":{"start":{"line":23,"column":0},"end":{"line":54,"column":2}},"4":{"start":{"line":57,"column":32},"end":{"line":59,"column":null}},"5":{"start":{"line":57,"column":79},"end":{"line":59,"column":null}},"6":{"start":{"line":58,"column":4},"end":{"line":58,"column":null}},"7":{"start":{"line":57,"column":13},"end":{"line":57,"column":32}}},"fnMap":{"0":{"name":"(anonymous_7)","decl":{"start":{"line":57,"column":32},"end":{"line":57,"column":39}},"loc":{"start":{"line":57,"column":79},"end":{"line":59,"column":null}}},"1":{"name":"(anonymous_8)","decl":{"start":{"line":57,"column":79},"end":{"line":57,"column":null}},"loc":{"start":{"line":57,"column":79},"end":{"line":59,"column":1}}}},"branchMap":{},"s":{"0":1,"1":1,"2":1,"3":1,"4":1,"5":0,"6":0,"7":1},"f":{"0":0,"1":0},"b":{}}
,"C:\\Users\\wsiel\\Documents\\DevWeb\\FoulTarnished\\src\\models\\Armor.ts": {"path":"C:\\Users\\wsiel\\Documents\\DevWeb\\FoulTarnished\\src\\models\\Armor.ts","statementMap":{"0":{"start":{"line":1,"column":0},"end":{"line":1,"column":53}},"1":{"start":{"line":2,"column":0},"end":{"line":2,"column":43}},"2":{"start":{"line":28,"column":0},"end":{"line":28,"column":13}},"3":{"start":{"line":41,"column":0},"end":{"line":103,"column":2}}},"fnMap":{},"branchMap":{},"s":{"0":1,"1":1,"2":1,"3":1},"f":{},"b":{}}
,"C:\\Users\\wsiel\\Documents\\DevWeb\\FoulTarnished\\src\\models\\Shield.ts": {"path":"C:\\Users\\wsiel\\Documents\\DevWeb\\FoulTarnished\\src\\models\\Shield.ts","statementMap":{"0":{"start":{"line":1,"column":0},"end":{"line":1,"column":55}},"1":{"start":{"line":2,"column":0},"end":{"line":2,"column":43}},"2":{"start":{"line":30,"column":0},"end":{"line":30,"column":13}},"3":{"start":{"line":45,"column":0},"end":{"line":94,"column":2}}},"fnMap":{},"branchMap":{},"s":{"0":1,"1":1,"2":1,"3":1},"f":{},"b":{}}
,"C:\\Users\\wsiel\\Documents\\DevWeb\\FoulTarnished\\src\\models\\Talisman.ts": {"path":"C:\\Users\\wsiel\\Documents\\DevWeb\\FoulTarnished\\src\\models\\Talisman.ts","statementMap":{"0":{"start":{"line":1,"column":0},"end":{"line":1,"column":53}},"1":{"start":{"line":2,"column":0},"end":{"line":2,"column":43}},"2":{"start":{"line":14,"column":0},"end":{"line":14,"column":13}},"3":{"start":{"line":24,"column":0},"end":{"line":53,"column":2}}},"fnMap":{},"branchMap":{},"s":{"0":1,"1":1,"2":1,"3":1},"f":{},"b":{}}
,"C:\\Users\\wsiel\\Documents\\DevWeb\\FoulTarnished\\src\\models\\Weapon.ts": {"path":"C:\\Users\\wsiel\\Documents\\DevWeb\\FoulTarnished\\src\\models\\Weapon.ts","statementMap":{"0":{"start":{"line":1,"column":0},"end":{"line":1,"column":55}},"1":{"start":{"line":2,"column":0},"end":{"line":2,"column":43}},"2":{"start":{"line":31,"column":0},"end":{"line":31,"column":13}},"3":{"start":{"line":47,"column":0},"end":{"line":96,"column":2}}},"fnMap":{},"branchMap":{},"s":{"0":1,"1":1,"2":1,"3":1},"f":{},"b":{}}
,"C:\\Users\\wsiel\\Documents\\DevWeb\\FoulTarnished\\src\\services\\adminService.ts": {"path":"C:\\Users\\wsiel\\Documents\\DevWeb\\FoulTarnished\\src\\services\\adminService.ts","statementMap":{"0":{"start":{"line":1,"column":0},"end":{"line":1,"column":62}},"1":{"start":{"line":2,"column":0},"end":{"line":2,"column":35}},"2":{"start":{"line":3,"column":0},"end":{"line":3,"column":31}},"3":{"start":{"line":7,"column":0},"end":{"line":7,"column":73}},"4":{"start":{"line":8,"column":0},"end":{"line":8,"column":86}},"5":{"start":{"line":11,"column":0},"end":{"line":11,"column":64}},"6":{"start":{"line":17,"column":12},"end":{"line":17,"column":52}},"7":{"start":{"line":21,"column":8},"end":{"line":21,"column":47}},"8":{"start":{"line":22,"column":8},"end":{"line":22,"column":83}},"9":{"start":{"line":33,"column":42},"end":{"line":33,"column":46}},"10":{"start":{"line":35,"column":25},"end":{"line":35,"column":87}},"11":{"start":{"line":36,"column":8},"end":{"line":38,"column":9}},"12":{"start":{"line":37,"column":12},"end":{"line":37,"column":47}},"13":{"start":{"line":40,"column":8},"end":{"line":42,"column":9}},"14":{"start":{"line":41,"column":12},"end":{"line":41,"column":54}},"15":{"start":{"line":43,"column":31},"end":{"line":43,"column":75}},"16":{"start":{"line":45,"column":8},"end":{"line":45,"column":60}},"17":{"start":{"line":49,"column":22},"end":{"line":49,"column":65}},"18":{"start":{"line":50,"column":8},"end":{"line":52,"column":9}},"19":{"start":{"line":51,"column":12},"end":{"line":51,"column":43}},"20":{"start":{"line":53,"column":8},"end":{"line":53,"column":59}},"21":{"start":{"line":57,"column":8},"end":{"line":57,"column":65}},"22":{"start":{"line":61,"column":8},"end":{"line":61,"column":57}},"23":{"start":{"line":65,"column":22},"end":{"line":65,"column":65}},"24":{"start":{"line":66,"column":8},"end":{"line":68,"column":9}},"25":{"start":{"line":67,"column":12},"end":{"line":67,"column":43}},"26":{"start":{"line":69,"column":8},"end":{"line":69,"column":64}},"27":{"start":{"line":73,"column":24},"end":{"line":73,"column":66}},"28":{"start":{"line":74,"column":8},"end":{"line":76,"column":9}},"29":{"start":{"line":75,"column":12},"end":{"line":75,"column":43}},"30":{"start":{"line":77,"column":8},"end":{"line":77,"column":58}},"31":{"start":{"line":82,"column":21},"end":{"line":82,"column":66}},"32":{"start":{"line":83,"column":8},"end":{"line":83,"column":65}},"33":{"start":{"line":83,"column":19},"end":{"line":83,"column":65}},"34":{"start":{"line":85,"column":27},"end":{"line":85,"column":72}},"35":{"start":{"line":87,"column":8},"end":{"line":87,"column":71}},"36":{"start":{"line":87,"column":25},"end":{"line":87,"column":71}},"37":{"start":{"line":89,"column":24},"end":{"line":89,"column":58}},"38":{"start":{"line":91,"column":22},"end":{"line":91,"column":76}},"39":{"start":{"line":93,"column":8},"end":{"line":93,"column":31}},"40":{"start":{"line":16,"column":0},"end":{"line":16,"column":13}},"41":{"start":{"line":101,"column":42},"end":{"line":101,"column":71}},"42":{"start":{"line":102,"column":4},"end":{"line":105,"column":7}},"43":{"start":{"line":103,"column":22},"end":{"line":103,"column":31}},"44":{"start":{"line":104,"column":8},"end":{"line":104,"column":69}}},"fnMap":{"0":{"name":"(anonymous_7)","decl":{"start":{"line":20,"column":4},"end":{"line":20,"column":16}},"loc":{"start":{"line":20,"column":48},"end":{"line":23,"column":5}}},"1":{"name":"(anonymous_8)","decl":{"start":{"line":30,"column":10},"end":{"line":30,"column":26}},"loc":{"start":{"line":30,"column":47},"end":{"line":46,"column":null}}},"2":{"name":"(anonymous_10)","decl":{"start":{"line":48,"column":10},"end":{"line":48,"column":22}},"loc":{"start":{"line":48,"column":33},"end":{"line":54,"column":null}}},"3":{"name":"(anonymous_12)","decl":{"start":{"line":56,"column":10},"end":{"line":56,"column":25}},"loc":{"start":{"line":56,"column":39},"end":{"line":58,"column":null}}},"4":{"name":"(anonymous_14)","decl":{"start":{"line":60,"column":10},"end":{"line":60,"column":22}},"loc":{"start":{"line":60,"column":22},"end":{"line":62,"column":null}}},"5":{"name":"(anonymous_16)","decl":{"start":{"line":64,"column":10},"end":{"line":64,"column":21}},"loc":{"start":{"line":64,"column":98},"end":{"line":70,"column":null}}},"6":{"name":"(anonymous_18)","decl":{"start":{"line":72,"column":10},"end":{"line":72,"column":21}},"loc":{"start":{"line":72,"column":32},"end":{"line":78,"column":null}}},"7":{"name":"(anonymous_20)","decl":{"start":{"line":80,"column":10},"end":{"line":80,"column":22}},"loc":{"start":{"line":80,"column":54},"end":{"line":94,"column":null}}},"8":{"name":"hasEmptyRequiredFields","decl":{"start":{"line":99,"column":9},"end":{"line":99,"column":31}},"loc":{"start":{"line":99,"column":52},"end":{"line":106,"column":1}}},"9":{"name":"(anonymous_23)","decl":{"start":{"line":102,"column":29},"end":{"line":102,"column":32}},"loc":{"start":{"line":102,"column":35},"end":{"line":105,"column":5}}}},"branchMap":{"0":{"loc":{"start":{"line":22,"column":26},"end":{"line":22,"column":67}},"type":"binary-expr","locations":[{"start":{"line":22,"column":26},"end":{"line":22,"column":48}},{"start":{"line":22,"column":52},"end":{"line":22,"column":67}}]},"1":{"loc":{"start":{"line":36,"column":8},"end":{"line":38,"column":9}},"type":"if","locations":[{"start":{"line":36,"column":8},"end":{"line":38,"column":9}},{"start":{},"end":{}}]},"2":{"loc":{"start":{"line":40,"column":8},"end":{"line":42,"column":9}},"type":"if","locations":[{"start":{"line":40,"column":8},"end":{"line":42,"column":9}},{"start":{},"end":{}}]},"3":{"loc":{"start":{"line":50,"column":8},"end":{"line":52,"column":9}},"type":"if","locations":[{"start":{"line":50,"column":8},"end":{"line":52,"column":9}},{"start":{},"end":{}}]},"4":{"loc":{"start":{"line":66,"column":8},"end":{"line":68,"column":9}},"type":"if","locations":[{"start":{"line":66,"column":8},"end":{"line":68,"column":9}},{"start":{},"end":{}}]},"5":{"loc":{"start":{"line":74,"column":8},"end":{"line":76,"column":9}},"type":"if","locations":[{"start":{"line":74,"column":8},"end":{"line":76,"column":9}},{"start":{},"end":{}}]},"6":{"loc":{"start":{"line":83,"column":8},"end":{"line":83,"column":65}},"type":"if","locations":[{"start":{"line":83,"column":8},"end":{"line":83,"column":65}},{"start":{},"end":{}}]},"7":{"loc":{"start":{"line":87,"column":8},"end":{"line":87,"column":71}},"type":"if","locations":[{"start":{"line":87,"column":8},"end":{"line":87,"column":71}},{"start":{},"end":{}}]},"8":{"loc":{"start":{"line":104,"column":15},"end":{"line":104,"column":68}},"type":"binary-expr","locations":[{"start":{"line":104,"column":15},"end":{"line":104,"column":34}},{"start":{"line":104,"column":38},"end":{"line":104,"column":52}},{"start":{"line":104,"column":56},"end":{"line":104,"column":68}}]}},"s":{"0":1,"1":1,"2":1,"3":1,"4":1,"5":1,"6":11,"7":11,"8":11,"9":2,"10":2,"11":2,"12":1,"13":1,"14":1,"15":0,"16":0,"17":3,"18":3,"19":1,"20":2,"21":0,"22":2,"23":2,"24":2,"25":1,"26":1,"27":2,"28":2,"29":1,"30":1,"31":0,"32":0,"33":0,"34":0,"35":0,"36":0,"37":0,"38":0,"39":0,"40":1,"41":1,"42":1,"43":2,"44":2},"f":{"0":11,"1":2,"2":3,"3":0,"4":2,"5":2,"6":2,"7":0,"8":1,"9":2},"b":{"0":[11,0],"1":[1,1],"2":[1,0],"3":[1,2],"4":[1,1],"5":[1,1],"6":[0,0],"7":[0,0],"8":[2,2,2]}}
,"C:\\Users\\wsiel\\Documents\\DevWeb\\FoulTarnished\\src\\services\\armorService.ts": {"path":"C:\\Users\\wsiel\\Documents\\DevWeb\\FoulTarnished\\src\\services\\armorService.ts","statementMap":{"0":{"start":{"line":2,"column":0},"end":{"line":2,"column":62}},"1":{"start":{"line":3,"column":0},"end":{"line":3,"column":74}},"2":{"start":{"line":4,"column":0},"end":{"line":4,"column":64}},"3":{"start":{"line":6,"column":0},"end":{"line":6,"column":86}},"4":{"start":{"line":14,"column":8},"end":{"line":14,"column":25}},"5":{"start":{"line":18,"column":25},"end":{"line":18,"column":74}},"6":{"start":{"line":19,"column":8},"end":{"line":21,"column":9}},"7":{"start":{"line":20,"column":12},"end":{"line":20,"column":48}},"8":{"start":{"line":22,"column":8},"end":{"line":24,"column":9}},"9":{"start":{"line":23,"column":12},"end":{"line":23,"column":54}},"10":{"start":{"line":25,"column":8},"end":{"line":25,"column":49}},"11":{"start":{"line":29,"column":22},"end":{"line":29,"column":54}},"12":{"start":{"line":30,"column":8},"end":{"line":32,"column":9}},"13":{"start":{"line":31,"column":12},"end":{"line":31,"column":43}},"14":{"start":{"line":33,"column":8},"end":{"line":33,"column":48}},"15":{"start":{"line":37,"column":8},"end":{"line":37,"column":46}},"16":{"start":{"line":41,"column":22},"end":{"line":41,"column":54}},"17":{"start":{"line":42,"column":8},"end":{"line":44,"column":9}},"18":{"start":{"line":43,"column":12},"end":{"line":43,"column":43}},"19":{"start":{"line":45,"column":8},"end":{"line":45,"column":53}},"20":{"start":{"line":49,"column":24},"end":{"line":49,"column":55}},"21":{"start":{"line":50,"column":8},"end":{"line":52,"column":9}},"22":{"start":{"line":51,"column":12},"end":{"line":51,"column":43}},"23":{"start":{"line":53,"column":8},"end":{"line":53,"column":47}},"24":{"start":{"line":9,"column":0},"end":{"line":9,"column":13}},"25":{"start":{"line":59,"column":42},"end":{"line":59,"column":125}},"26":{"start":{"line":60,"column":4},"end":{"line":63,"column":7}},"27":{"start":{"line":61,"column":22},"end":{"line":61,"column":31}},"28":{"start":{"line":62,"column":8},"end":{"line":62,"column":69}},"29":{"start":{"line":67,"column":0},"end":{"line":67,"column":55}}},"fnMap":{"0":{"name":"(anonymous_7)","decl":{"start":{"line":13,"column":4},"end":{"line":13,"column":16}},"loc":{"start":{"line":13,"column":37},"end":{"line":15,"column":5}}},"1":{"name":"(anonymous_8)","decl":{"start":{"line":17,"column":10},"end":{"line":17,"column":21}},"loc":{"start":{"line":17,"column":42},"end":{"line":26,"column":null}}},"2":{"name":"(anonymous_10)","decl":{"start":{"line":28,"column":10},"end":{"line":28,"column":22}},"loc":{"start":{"line":28,"column":33},"end":{"line":34,"column":null}}},"3":{"name":"(anonymous_12)","decl":{"start":{"line":36,"column":10},"end":{"line":36,"column":22}},"loc":{"start":{"line":36,"column":22},"end":{"line":38,"column":null}}},"4":{"name":"(anonymous_14)","decl":{"start":{"line":40,"column":10},"end":{"line":40,"column":21}},"loc":{"start":{"line":40,"column":54},"end":{"line":46,"column":null}}},"5":{"name":"(anonymous_16)","decl":{"start":{"line":48,"column":10},"end":{"line":48,"column":21}},"loc":{"start":{"line":48,"column":32},"end":{"line":54,"column":null}}},"6":{"name":"hasEmptyRequiredFields","decl":{"start":{"line":57,"column":9},"end":{"line":57,"column":31}},"loc":{"start":{"line":57,"column":52},"end":{"line":64,"column":1}}},"7":{"name":"(anonymous_19)","decl":{"start":{"line":60,"column":29},"end":{"line":60,"column":32}},"loc":{"start":{"line":60,"column":35},"end":{"line":63,"column":5}}}},"branchMap":{"0":{"loc":{"start":{"line":19,"column":8},"end":{"line":21,"column":9}},"type":"if","locations":[{"start":{"line":19,"column":8},"end":{"line":21,"column":9}},{"start":{},"end":{}}]},"1":{"loc":{"start":{"line":22,"column":8},"end":{"line":24,"column":9}},"type":"if","locations":[{"start":{"line":22,"column":8},"end":{"line":24,"column":9}},{"start":{},"end":{}}]},"2":{"loc":{"start":{"line":30,"column":8},"end":{"line":32,"column":9}},"type":"if","locations":[{"start":{"line":30,"column":8},"end":{"line":32,"column":9}},{"start":{},"end":{}}]},"3":{"loc":{"start":{"line":42,"column":8},"end":{"line":44,"column":9}},"type":"if","locations":[{"start":{"line":42,"column":8},"end":{"line":44,"column":9}},{"start":{},"end":{}}]},"4":{"loc":{"start":{"line":50,"column":8},"end":{"line":52,"column":9}},"type":"if","locations":[{"start":{"line":50,"column":8},"end":{"line":52,"column":9}},{"start":{},"end":{}}]},"5":{"loc":{"start":{"line":62,"column":15},"end":{"line":62,"column":68}},"type":"binary-expr","locations":[{"start":{"line":62,"column":15},"end":{"line":62,"column":34}},{"start":{"line":62,"column":38},"end":{"line":62,"column":52}},{"start":{"line":62,"column":56},"end":{"line":62,"column":68}}]}},"s":{"0":1,"1":1,"2":1,"3":1,"4":12,"5":2,"6":2,"7":1,"8":1,"9":1,"10":0,"11":3,"12":3,"13":1,"14":2,"15":2,"16":2,"17":2,"18":1,"19":1,"20":2,"21":2,"22":1,"23":1,"24":1,"25":1,"26":1,"27":3,"28":3,"29":1},"f":{"0":12,"1":2,"2":3,"3":2,"4":2,"5":2,"6":1,"7":3},"b":{"0":[1,1],"1":[1,0],"2":[1,2],"3":[1,1],"4":[1,1],"5":[3,3,3]}}
,"C:\\Users\\wsiel\\Documents\\DevWeb\\FoulTarnished\\src\\services\\shieldService.ts": {"path":"C:\\Users\\wsiel\\Documents\\DevWeb\\FoulTarnished\\src\\services\\shieldService.ts","statementMap":{"0":{"start":{"line":1,"column":0},"end":{"line":1,"column":64}},"1":{"start":{"line":3,"column":0},"end":{"line":3,"column":76}},"2":{"start":{"line":4,"column":0},"end":{"line":4,"column":66}},"3":{"start":{"line":5,"column":0},"end":{"line":5,"column":86}},"4":{"start":{"line":13,"column":8},"end":{"line":13,"column":25}},"5":{"start":{"line":17,"column":25},"end":{"line":17,"column":75}},"6":{"start":{"line":18,"column":8},"end":{"line":20,"column":9}},"7":{"start":{"line":19,"column":12},"end":{"line":19,"column":49}},"8":{"start":{"line":21,"column":8},"end":{"line":23,"column":9}},"9":{"start":{"line":22,"column":12},"end":{"line":22,"column":54}},"10":{"start":{"line":24,"column":8},"end":{"line":24,"column":50}},"11":{"start":{"line":28,"column":22},"end":{"line":28,"column":55}},"12":{"start":{"line":29,"column":8},"end":{"line":31,"column":9}},"13":{"start":{"line":30,"column":12},"end":{"line":30,"column":44}},"14":{"start":{"line":32,"column":8},"end":{"line":32,"column":49}},"15":{"start":{"line":36,"column":8},"end":{"line":36,"column":47}},"16":{"start":{"line":40,"column":23},"end":{"line":40,"column":56}},"17":{"start":{"line":41,"column":8},"end":{"line":43,"column":9}},"18":{"start":{"line":42,"column":12},"end":{"line":42,"column":44}},"19":{"start":{"line":44,"column":8},"end":{"line":44,"column":54}},"20":{"start":{"line":48,"column":24},"end":{"line":48,"column":56}},"21":{"start":{"line":49,"column":8},"end":{"line":51,"column":9}},"22":{"start":{"line":50,"column":12},"end":{"line":50,"column":44}},"23":{"start":{"line":52,"column":8},"end":{"line":52,"column":48}},"24":{"start":{"line":8,"column":0},"end":{"line":8,"column":13}},"25":{"start":{"line":58,"column":43},"end":{"line":58,"column":154}},"26":{"start":{"line":59,"column":4},"end":{"line":62,"column":7}},"27":{"start":{"line":60,"column":22},"end":{"line":60,"column":31}},"28":{"start":{"line":61,"column":8},"end":{"line":61,"column":69}},"29":{"start":{"line":65,"column":0},"end":{"line":65,"column":57}}},"fnMap":{"0":{"name":"(anonymous_7)","decl":{"start":{"line":12,"column":4},"end":{"line":12,"column":16}},"loc":{"start":{"line":12,"column":38},"end":{"line":14,"column":5}}},"1":{"name":"(anonymous_8)","decl":{"start":{"line":16,"column":10},"end":{"line":16,"column":22}},"loc":{"start":{"line":16,"column":44},"end":{"line":25,"column":null}}},"2":{"name":"(anonymous_10)","decl":{"start":{"line":27,"column":10},"end":{"line":27,"column":23}},"loc":{"start":{"line":27,"column":34},"end":{"line":33,"column":null}}},"3":{"name":"(anonymous_12)","decl":{"start":{"line":35,"column":10},"end":{"line":35,"column":23}},"loc":{"start":{"line":35,"column":23},"end":{"line":37,"column":null}}},"4":{"name":"(anonymous_14)","decl":{"start":{"line":39,"column":10},"end":{"line":39,"column":22}},"loc":{"start":{"line":39,"column":56},"end":{"line":45,"column":null}}},"5":{"name":"(anonymous_16)","decl":{"start":{"line":47,"column":10},"end":{"line":47,"column":22}},"loc":{"start":{"line":47,"column":33},"end":{"line":53,"column":null}}},"6":{"name":"hasEmptyRequiredFields","decl":{"start":{"line":56,"column":9},"end":{"line":56,"column":31}},"loc":{"start":{"line":56,"column":53},"end":{"line":63,"column":1}}},"7":{"name":"(anonymous_19)","decl":{"start":{"line":59,"column":29},"end":{"line":59,"column":32}},"loc":{"start":{"line":59,"column":35},"end":{"line":62,"column":5}}}},"branchMap":{"0":{"loc":{"start":{"line":18,"column":8},"end":{"line":20,"column":9}},"type":"if","locations":[{"start":{"line":18,"column":8},"end":{"line":20,"column":9}},{"start":{},"end":{}}]},"1":{"loc":{"start":{"line":21,"column":8},"end":{"line":23,"column":9}},"type":"if","locations":[{"start":{"line":21,"column":8},"end":{"line":23,"column":9}},{"start":{},"end":{}}]},"2":{"loc":{"start":{"line":29,"column":8},"end":{"line":31,"column":9}},"type":"if","locations":[{"start":{"line":29,"column":8},"end":{"line":31,"column":9}},{"start":{},"end":{}}]},"3":{"loc":{"start":{"line":41,"column":8},"end":{"line":43,"column":9}},"type":"if","locations":[{"start":{"line":41,"column":8},"end":{"line":43,"column":9}},{"start":{},"end":{}}]},"4":{"loc":{"start":{"line":49,"column":8},"end":{"line":51,"column":9}},"type":"if","locations":[{"start":{"line":49,"column":8},"end":{"line":51,"column":9}},{"start":{},"end":{}}]},"5":{"loc":{"start":{"line":61,"column":15},"end":{"line":61,"column":68}},"type":"binary-expr","locations":[{"start":{"line":61,"column":15},"end":{"line":61,"column":34}},{"start":{"line":61,"column":38},"end":{"line":61,"column":52}},{"start":{"line":61,"column":56},"end":{"line":61,"column":68}}]}},"s":{"0":1,"1":1,"2":1,"3":1,"4":12,"5":2,"6":2,"7":1,"8":1,"9":1,"10":0,"11":3,"12":3,"13":1,"14":2,"15":2,"16":2,"17":2,"18":1,"19":1,"20":2,"21":2,"22":1,"23":1,"24":1,"25":1,"26":1,"27":3,"28":3,"29":1},"f":{"0":12,"1":2,"2":3,"3":2,"4":2,"5":2,"6":1,"7":3},"b":{"0":[1,1],"1":[1,0],"2":[1,2],"3":[1,1],"4":[1,1],"5":[3,3,3]}}
,"C:\\Users\\wsiel\\Documents\\DevWeb\\FoulTarnished\\src\\services\\talismanService.ts": {"path":"C:\\Users\\wsiel\\Documents\\DevWeb\\FoulTarnished\\src\\services\\talismanService.ts","statementMap":{"0":{"start":{"line":1,"column":0},"end":{"line":1,"column":68}},"1":{"start":{"line":3,"column":0},"end":{"line":3,"column":80}},"2":{"start":{"line":4,"column":0},"end":{"line":4,"column":70}},"3":{"start":{"line":5,"column":0},"end":{"line":5,"column":86}},"4":{"start":{"line":12,"column":8},"end":{"line":12,"column":25}},"5":{"start":{"line":15,"column":25},"end":{"line":15,"column":77}},"6":{"start":{"line":16,"column":8},"end":{"line":18,"column":9}},"7":{"start":{"line":17,"column":12},"end":{"line":17,"column":51}},"8":{"start":{"line":19,"column":8},"end":{"line":21,"column":9}},"9":{"start":{"line":20,"column":12},"end":{"line":20,"column":54}},"10":{"start":{"line":22,"column":8},"end":{"line":22,"column":52}},"11":{"start":{"line":26,"column":25},"end":{"line":26,"column":60}},"12":{"start":{"line":27,"column":8},"end":{"line":29,"column":9}},"13":{"start":{"line":28,"column":12},"end":{"line":28,"column":46}},"14":{"start":{"line":30,"column":8},"end":{"line":30,"column":51}},"15":{"start":{"line":34,"column":8},"end":{"line":34,"column":49}},"16":{"start":{"line":38,"column":25},"end":{"line":38,"column":60}},"17":{"start":{"line":39,"column":8},"end":{"line":41,"column":9}},"18":{"start":{"line":40,"column":12},"end":{"line":40,"column":46}},"19":{"start":{"line":42,"column":8},"end":{"line":42,"column":56}},"20":{"start":{"line":46,"column":24},"end":{"line":46,"column":58}},"21":{"start":{"line":47,"column":8},"end":{"line":49,"column":9}},"22":{"start":{"line":48,"column":12},"end":{"line":48,"column":46}},"23":{"start":{"line":50,"column":8},"end":{"line":50,"column":50}},"24":{"start":{"line":7,"column":0},"end":{"line":7,"column":13}},"25":{"start":{"line":55,"column":45},"end":{"line":55,"column":87}},"26":{"start":{"line":56,"column":4},"end":{"line":59,"column":7}},"27":{"start":{"line":57,"column":22},"end":{"line":57,"column":31}},"28":{"start":{"line":58,"column":8},"end":{"line":58,"column":69}},"29":{"start":{"line":62,"column":0},"end":{"line":62,"column":61}}},"fnMap":{"0":{"name":"(anonymous_7)","decl":{"start":{"line":11,"column":4},"end":{"line":11,"column":16}},"loc":{"start":{"line":11,"column":40},"end":{"line":13,"column":5}}},"1":{"name":"(anonymous_8)","decl":{"start":{"line":14,"column":10},"end":{"line":14,"column":24}},"loc":{"start":{"line":14,"column":48},"end":{"line":23,"column":null}}},"2":{"name":"(anonymous_10)","decl":{"start":{"line":25,"column":10},"end":{"line":25,"column":25}},"loc":{"start":{"line":25,"column":36},"end":{"line":31,"column":null}}},"3":{"name":"(anonymous_12)","decl":{"start":{"line":33,"column":10},"end":{"line":33,"column":25}},"loc":{"start":{"line":33,"column":25},"end":{"line":35,"column":null}}},"4":{"name":"(anonymous_14)","decl":{"start":{"line":37,"column":10},"end":{"line":37,"column":24}},"loc":{"start":{"line":37,"column":60},"end":{"line":43,"column":null}}},"5":{"name":"(anonymous_16)","decl":{"start":{"line":45,"column":10},"end":{"line":45,"column":24}},"loc":{"start":{"line":45,"column":35},"end":{"line":51,"column":null}}},"6":{"name":"hasEmptyRequiredFields","decl":{"start":{"line":53,"column":9},"end":{"line":53,"column":31}},"loc":{"start":{"line":53,"column":55},"end":{"line":60,"column":1}}},"7":{"name":"(anonymous_19)","decl":{"start":{"line":56,"column":29},"end":{"line":56,"column":32}},"loc":{"start":{"line":56,"column":35},"end":{"line":59,"column":5}}}},"branchMap":{"0":{"loc":{"start":{"line":16,"column":8},"end":{"line":18,"column":9}},"type":"if","locations":[{"start":{"line":16,"column":8},"end":{"line":18,"column":9}},{"start":{},"end":{}}]},"1":{"loc":{"start":{"line":19,"column":8},"end":{"line":21,"column":9}},"type":"if","locations":[{"start":{"line":19,"column":8},"end":{"line":21,"column":9}},{"start":{},"end":{}}]},"2":{"loc":{"start":{"line":27,"column":8},"end":{"line":29,"column":9}},"type":"if","locations":[{"start":{"line":27,"column":8},"end":{"line":29,"column":9}},{"start":{},"end":{}}]},"3":{"loc":{"start":{"line":39,"column":8},"end":{"line":41,"column":9}},"type":"if","locations":[{"start":{"line":39,"column":8},"end":{"line":41,"column":9}},{"start":{},"end":{}}]},"4":{"loc":{"start":{"line":47,"column":8},"end":{"line":49,"column":9}},"type":"if","locations":[{"start":{"line":47,"column":8},"end":{"line":49,"column":9}},{"start":{},"end":{}}]},"5":{"loc":{"start":{"line":58,"column":15},"end":{"line":58,"column":68}},"type":"binary-expr","locations":[{"start":{"line":58,"column":15},"end":{"line":58,"column":34}},{"start":{"line":58,"column":38},"end":{"line":58,"column":52}},{"start":{"line":58,"column":56},"end":{"line":58,"column":68}}]}},"s":{"0":1,"1":1,"2":1,"3":1,"4":12,"5":2,"6":2,"7":1,"8":1,"9":1,"10":0,"11":3,"12":3,"13":1,"14":2,"15":2,"16":2,"17":2,"18":1,"19":1,"20":2,"21":2,"22":1,"23":1,"24":1,"25":1,"26":1,"27":3,"28":3,"29":1},"f":{"0":12,"1":2,"2":3,"3":2,"4":2,"5":2,"6":1,"7":3},"b":{"0":[1,1],"1":[1,0],"2":[1,2],"3":[1,1],"4":[1,1],"5":[3,3,3]}}
,"C:\\Users\\wsiel\\Documents\\DevWeb\\FoulTarnished\\src\\services\\weaponService.ts": {"path":"C:\\Users\\wsiel\\Documents\\DevWeb\\FoulTarnished\\src\\services\\weaponService.ts","statementMap":{"0":{"start":{"line":1,"column":0},"end":{"line":1,"column":64}},"1":{"start":{"line":2,"column":0},"end":{"line":2,"column":86}},"2":{"start":{"line":4,"column":0},"end":{"line":4,"column":76}},"3":{"start":{"line":5,"column":0},"end":{"line":5,"column":66}},"4":{"start":{"line":14,"column":8},"end":{"line":14,"column":25}},"5":{"start":{"line":18,"column":25},"end":{"line":18,"column":75}},"6":{"start":{"line":19,"column":8},"end":{"line":21,"column":9}},"7":{"start":{"line":20,"column":12},"end":{"line":20,"column":49}},"8":{"start":{"line":22,"column":8},"end":{"line":24,"column":9}},"9":{"start":{"line":23,"column":12},"end":{"line":23,"column":54}},"10":{"start":{"line":25,"column":8},"end":{"line":25,"column":50}},"11":{"start":{"line":29,"column":22},"end":{"line":29,"column":55}},"12":{"start":{"line":30,"column":8},"end":{"line":32,"column":9}},"13":{"start":{"line":31,"column":12},"end":{"line":31,"column":44}},"14":{"start":{"line":33,"column":8},"end":{"line":33,"column":49}},"15":{"start":{"line":37,"column":8},"end":{"line":37,"column":47}},"16":{"start":{"line":41,"column":23},"end":{"line":41,"column":56}},"17":{"start":{"line":42,"column":8},"end":{"line":44,"column":9}},"18":{"start":{"line":43,"column":12},"end":{"line":43,"column":44}},"19":{"start":{"line":45,"column":8},"end":{"line":45,"column":54}},"20":{"start":{"line":49,"column":24},"end":{"line":49,"column":56}},"21":{"start":{"line":50,"column":8},"end":{"line":52,"column":9}},"22":{"start":{"line":51,"column":12},"end":{"line":51,"column":44}},"23":{"start":{"line":53,"column":8},"end":{"line":53,"column":48}},"24":{"start":{"line":9,"column":0},"end":{"line":9,"column":13}},"25":{"start":{"line":59,"column":43},"end":{"line":59,"column":154}},"26":{"start":{"line":60,"column":4},"end":{"line":63,"column":7}},"27":{"start":{"line":61,"column":22},"end":{"line":61,"column":31}},"28":{"start":{"line":62,"column":8},"end":{"line":62,"column":69}},"29":{"start":{"line":66,"column":0},"end":{"line":66,"column":57}}},"fnMap":{"0":{"name":"(anonymous_7)","decl":{"start":{"line":13,"column":4},"end":{"line":13,"column":16}},"loc":{"start":{"line":13,"column":38},"end":{"line":15,"column":5}}},"1":{"name":"(anonymous_8)","decl":{"start":{"line":17,"column":10},"end":{"line":17,"column":22}},"loc":{"start":{"line":17,"column":44},"end":{"line":26,"column":null}}},"2":{"name":"(anonymous_10)","decl":{"start":{"line":28,"column":10},"end":{"line":28,"column":23}},"loc":{"start":{"line":28,"column":34},"end":{"line":34,"column":null}}},"3":{"name":"(anonymous_12)","decl":{"start":{"line":36,"column":10},"end":{"line":36,"column":23}},"loc":{"start":{"line":36,"column":23},"end":{"line":38,"column":null}}},"4":{"name":"(anonymous_14)","decl":{"start":{"line":40,"column":10},"end":{"line":40,"column":22}},"loc":{"start":{"line":40,"column":56},"end":{"line":46,"column":null}}},"5":{"name":"(anonymous_16)","decl":{"start":{"line":48,"column":10},"end":{"line":48,"column":22}},"loc":{"start":{"line":48,"column":33},"end":{"line":54,"column":null}}},"6":{"name":"hasEmptyRequiredFields","decl":{"start":{"line":57,"column":9},"end":{"line":57,"column":31}},"loc":{"start":{"line":57,"column":53},"end":{"line":64,"column":1}}},"7":{"name":"(anonymous_19)","decl":{"start":{"line":60,"column":29},"end":{"line":60,"column":32}},"loc":{"start":{"line":60,"column":35},"end":{"line":63,"column":5}}}},"branchMap":{"0":{"loc":{"start":{"line":19,"column":8},"end":{"line":21,"column":9}},"type":"if","locations":[{"start":{"line":19,"column":8},"end":{"line":21,"column":9}},{"start":{},"end":{}}]},"1":{"loc":{"start":{"line":22,"column":8},"end":{"line":24,"column":9}},"type":"if","locations":[{"start":{"line":22,"column":8},"end":{"line":24,"column":9}},{"start":{},"end":{}}]},"2":{"loc":{"start":{"line":30,"column":8},"end":{"line":32,"column":9}},"type":"if","locations":[{"start":{"line":30,"column":8},"end":{"line":32,"column":9}},{"start":{},"end":{}}]},"3":{"loc":{"start":{"line":42,"column":8},"end":{"line":44,"column":9}},"type":"if","locations":[{"start":{"line":42,"column":8},"end":{"line":44,"column":9}},{"start":{},"end":{}}]},"4":{"loc":{"start":{"line":50,"column":8},"end":{"line":52,"column":9}},"type":"if","locations":[{"start":{"line":50,"column":8},"end":{"line":52,"column":9}},{"start":{},"end":{}}]},"5":{"loc":{"start":{"line":62,"column":15},"end":{"line":62,"column":68}},"type":"binary-expr","locations":[{"start":{"line":62,"column":15},"end":{"line":62,"column":34}},{"start":{"line":62,"column":38},"end":{"line":62,"column":52}},{"start":{"line":62,"column":56},"end":{"line":62,"column":68}}]}},"s":{"0":1,"1":1,"2":1,"3":1,"4":12,"5":2,"6":2,"7":1,"8":1,"9":1,"10":0,"11":3,"12":3,"13":1,"14":2,"15":2,"16":2,"17":2,"18":1,"19":1,"20":2,"21":2,"22":1,"23":1,"24":1,"25":1,"26":1,"27":3,"28":3,"29":1},"f":{"0":12,"1":2,"2":3,"3":2,"4":2,"5":2,"6":1,"7":3},"b":{"0":[1,1],"1":[1,0],"2":[1,2],"3":[1,1],"4":[1,1],"5":[3,3,3]}}
,"C:\\Users\\wsiel\\Documents\\DevWeb\\FoulTarnished\\src\\test\\fakers\\admin.ts": {"path":"C:\\Users\\wsiel\\Documents\\DevWeb\\FoulTarnished\\src\\test\\fakers\\admin.ts","statementMap":{"0":{"start":{"line":4,"column":0},"end":{"line":4,"column":16}},"1":{"start":{"line":1,"column":0},"end":{"line":1,"column":41}},"2":{"start":{"line":2,"column":0},"end":{"line":2,"column":38}},"3":{"start":{"line":5,"column":4},"end":{"line":11,"column":7}}},"fnMap":{"0":{"name":"makeFakeAdmin","decl":{"start":{"line":4,"column":16},"end":{"line":4,"column":29}},"loc":{"start":{"line":4,"column":60},"end":{"line":12,"column":1}}}},"branchMap":{"0":{"loc":{"start":{"line":4,"column":30},"end":{"line":4,"column":60}},"type":"default-arg","locations":[{"start":{"line":4,"column":58},"end":{"line":4,"column":60}}]}},"s":{"0":1,"1":1,"2":1,"3":8},"f":{"0":8},"b":{"0":[8]}}
,"C:\\Users\\wsiel\\Documents\\DevWeb\\FoulTarnished\\src\\test\\fakers\\armor.ts": {"path":"C:\\Users\\wsiel\\Documents\\DevWeb\\FoulTarnished\\src\\test\\fakers\\armor.ts","statementMap":{"0":{"start":{"line":4,"column":0},"end":{"line":4,"column":16}},"1":{"start":{"line":1,"column":0},"end":{"line":1,"column":40}},"2":{"start":{"line":2,"column":0},"end":{"line":2,"column":43}},"3":{"start":{"line":5,"column":4},"end":{"line":27,"column":7}}},"fnMap":{"0":{"name":"makeFakeArmor","decl":{"start":{"line":4,"column":16},"end":{"line":4,"column":29}},"loc":{"start":{"line":4,"column":60},"end":{"line":28,"column":1}}}},"branchMap":{"0":{"loc":{"start":{"line":4,"column":30},"end":{"line":4,"column":60}},"type":"default-arg","locations":[{"start":{"line":4,"column":58},"end":{"line":4,"column":60}}]}},"s":{"0":1,"1":1,"2":1,"3":8},"f":{"0":8},"b":{"0":[8]}}
,"C:\\Users\\wsiel\\Documents\\DevWeb\\FoulTarnished\\src\\test\\fakers\\shield.ts": {"path":"C:\\Users\\wsiel\\Documents\\DevWeb\\FoulTarnished\\src\\test\\fakers\\shield.ts","statementMap":{"0":{"start":{"line":4,"column":0},"end":{"line":4,"column":16}},"1":{"start":{"line":1,"column":0},"end":{"line":1,"column":38}},"2":{"start":{"line":2,"column":0},"end":{"line":2,"column":43}},"3":{"start":{"line":5,"column":4},"end":{"line":45,"column":7}}},"fnMap":{"0":{"name":"makeFakeShield","decl":{"start":{"line":4,"column":16},"end":{"line":4,"column":30}},"loc":{"start":{"line":4,"column":62},"end":{"line":46,"column":1}}}},"branchMap":{"0":{"loc":{"start":{"line":4,"column":31},"end":{"line":4,"column":62}},"type":"default-arg","locations":[{"start":{"line":4,"column":60},"end":{"line":4,"column":62}}]}},"s":{"0":1,"1":1,"2":1,"3":8},"f":{"0":8},"b":{"0":[8]}}
,"C:\\Users\\wsiel\\Documents\\DevWeb\\FoulTarnished\\src\\test\\fakers\\talisman.ts": {"path":"C:\\Users\\wsiel\\Documents\\DevWeb\\FoulTarnished\\src\\test\\fakers\\talisman.ts","statementMap":{"0":{"start":{"line":4,"column":0},"end":{"line":4,"column":16}},"1":{"start":{"line":1,"column":0},"end":{"line":1,"column":40}},"2":{"start":{"line":2,"column":0},"end":{"line":2,"column":47}},"3":{"start":{"line":5,"column":4},"end":{"line":12,"column":7}}},"fnMap":{"0":{"name":"makeFakeTalisman","decl":{"start":{"line":4,"column":16},"end":{"line":4,"column":32}},"loc":{"start":{"line":4,"column":66},"end":{"line":13,"column":1}}}},"branchMap":{"0":{"loc":{"start":{"line":4,"column":33},"end":{"line":4,"column":66}},"type":"default-arg","locations":[{"start":{"line":4,"column":64},"end":{"line":4,"column":66}}]}},"s":{"0":1,"1":1,"2":1,"3":8},"f":{"0":8},"b":{"0":[8]}}
,"C:\\Users\\wsiel\\Documents\\DevWeb\\FoulTarnished\\src\\test\\fakers\\weapon.ts": {"path":"C:\\Users\\wsiel\\Documents\\DevWeb\\FoulTarnished\\src\\test\\fakers\\weapon.ts","statementMap":{"0":{"start":{"line":5,"column":0},"end":{"line":5,"column":16}},"1":{"start":{"line":1,"column":0},"end":{"line":1,"column":38}},"2":{"start":{"line":2,"column":0},"end":{"line":2,"column":43}},"3":{"start":{"line":6,"column":4},"end":{"line":46,"column":7}}},"fnMap":{"0":{"name":"makeFakeWeapon","decl":{"start":{"line":5,"column":16},"end":{"line":5,"column":30}},"loc":{"start":{"line":5,"column":62},"end":{"line":47,"column":1}}}},"branchMap":{"0":{"loc":{"start":{"line":5,"column":31},"end":{"line":5,"column":62}},"type":"default-arg","locations":[{"start":{"line":5,"column":60},"end":{"line":5,"column":62}}]}},"s":{"0":1,"1":1,"2":1,"3":8},"f":{"0":8},"b":{"0":[8]}}
}
