TN:
SF:src\config\database.ts
FNF:0
FNH:0
DA:1,5
DA:2,5
DA:5,5
DA:8,5
DA:19,5
LF:5
LH:5
BRF:0
BRH:0
end_of_record
TN:
SF:src\errors\ EmailAlreadyInUseError.ts
FN:4,(anonymous_0)
FNF:1
FNH:1
FNDA:1,(anonymous_0)
DA:1,1
DA:3,1
DA:5,1
LF:3
LH:3
BRF:0
BRH:0
end_of_record
TN:
SF:src\errors\AdminNotFoundError.ts
FN:4,(anonymous_0)
FNF:1
FNH:1
FNDA:3,(anonymous_0)
DA:1,1
DA:3,1
DA:5,3
LF:3
LH:3
BRF:0
BRH:0
end_of_record
TN:
SF:src\errors\ArmorAlreadyExistsError.ts
FN:4,(anonymous_0)
FNF:1
FNH:1
FNDA:1,(anonymous_0)
DA:1,1
DA:3,1
DA:5,1
LF:3
LH:3
BRF:0
BRH:0
end_of_record
TN:
SF:src\errors\ArmorNotFoundError.ts
FN:5,(anonymous_0)
FNF:1
FNH:1
FNDA:3,(anonymous_0)
DA:2,1
DA:4,1
DA:6,3
LF:3
LH:3
BRF:0
BRH:0
end_of_record
TN:
SF:src\errors\BaseError.ts
FN:4,(anonymous_0)
FNF:1
FNH:1
FNDA:25,(anonymous_0)
DA:1,5
DA:5,25
DA:6,25
DA:7,25
DA:9,25
LF:5
LH:5
BRDA:4,0,0,0
BRF:1
BRH:0
end_of_record
TN:
SF:src\errors\RequiredFieldsAreMissingError.ts
FN:4,(anonymous_0)
FNF:1
FNH:1
FNDA:5,(anonymous_0)
DA:1,5
DA:3,5
DA:5,5
LF:3
LH:3
BRF:0
BRH:0
end_of_record
TN:
SF:src\errors\ShieldAlreadyExistsError.ts
FN:4,(anonymous_0)
FNF:1
FNH:1
FNDA:1,(anonymous_0)
DA:1,1
DA:3,1
DA:5,1
LF:3
LH:3
BRF:0
BRH:0
end_of_record
TN:
SF:src\errors\ShieldNotFoundError.ts
FN:4,(anonymous_0)
FNF:1
FNH:1
FNDA:3,(anonymous_0)
DA:1,1
DA:3,1
DA:5,3
LF:3
LH:3
BRF:0
BRH:0
end_of_record
TN:
SF:src\errors\TalismanAlreadyExistsError.ts
FN:4,(anonymous_0)
FNF:1
FNH:1
FNDA:1,(anonymous_0)
DA:1,1
DA:3,1
DA:5,1
LF:3
LH:3
BRF:0
BRH:0
end_of_record
TN:
SF:src\errors\TalismanNotFoundError.ts
FN:4,(anonymous_0)
FNF:1
FNH:1
FNDA:3,(anonymous_0)
DA:1,1
DA:3,1
DA:5,3
LF:3
LH:3
BRF:0
BRH:0
end_of_record
TN:
SF:src\errors\WeaponAlreadyExistsError.ts
FN:4,(anonymous_0)
FNF:1
FNH:1
FNDA:1,(anonymous_0)
DA:1,1
DA:3,1
DA:5,1
LF:3
LH:3
BRF:0
BRH:0
end_of_record
TN:
SF:src\errors\WeaponNotFoundError.ts
FN:4,(anonymous_0)
FNF:1
FNH:1
FNDA:3,(anonymous_0)
DA:1,1
DA:3,1
DA:5,3
LF:3
LH:3
BRF:0
BRH:0
end_of_record
TN:
SF:src\models\Admin.ts
FN:57,(anonymous_7)
FN:57,(anonymous_8)
FNF:2
FNH:0
FNDA:0,(anonymous_7)
FNDA:0,(anonymous_8)
DA:2,1
DA:3,1
DA:15,1
DA:23,1
DA:57,1
DA:58,0
LF:6
LH:5
BRF:0
BRH:0
end_of_record
TN:
SF:src\models\Armor.ts
FNF:0
FNH:0
DA:1,1
DA:2,1
DA:28,1
DA:41,1
LF:4
LH:4
BRF:0
BRH:0
end_of_record
TN:
SF:src\models\Shield.ts
FNF:0
FNH:0
DA:1,1
DA:2,1
DA:30,1
DA:45,1
LF:4
LH:4
BRF:0
BRH:0
end_of_record
TN:
SF:src\models\Talisman.ts
FNF:0
FNH:0
DA:1,1
DA:2,1
DA:14,1
DA:24,1
LF:4
LH:4
BRF:0
BRH:0
end_of_record
TN:
SF:src\models\Weapon.ts
FNF:0
FNH:0
DA:1,1
DA:2,1
DA:31,1
DA:47,1
LF:4
LH:4
BRF:0
BRH:0
end_of_record
TN:
SF:src\services\adminService.ts
FN:20,(anonymous_7)
FN:30,(anonymous_8)
FN:48,(anonymous_10)
FN:56,(anonymous_12)
FN:60,(anonymous_14)
FN:64,(anonymous_16)
FN:72,(anonymous_18)
FN:80,(anonymous_20)
FN:99,hasEmptyRequiredFields
FN:102,(anonymous_23)
FNF:10
FNH:8
FNDA:11,(anonymous_7)
FNDA:2,(anonymous_8)
FNDA:3,(anonymous_10)
FNDA:0,(anonymous_12)
FNDA:2,(anonymous_14)
FNDA:2,(anonymous_16)
FNDA:2,(anonymous_18)
FNDA:0,(anonymous_20)
FNDA:1,hasEmptyRequiredFields
FNDA:2,(anonymous_23)
DA:1,1
DA:2,1
DA:3,1
DA:7,1
DA:8,1
DA:11,1
DA:16,1
DA:17,11
DA:21,11
DA:22,11
DA:33,2
DA:35,2
DA:36,2
DA:37,1
DA:40,1
DA:41,1
DA:43,0
DA:45,0
DA:49,3
DA:50,3
DA:51,1
DA:53,2
DA:57,0
DA:61,2
DA:65,2
DA:66,2
DA:67,1
DA:69,1
DA:73,2
DA:74,2
DA:75,1
DA:77,1
DA:82,0
DA:83,0
DA:85,0
DA:87,0
DA:89,0
DA:91,0
DA:93,0
DA:101,1
DA:102,1
DA:103,2
DA:104,2
LF:43
LH:33
BRDA:22,0,0,11
BRDA:22,0,1,0
BRDA:36,1,0,1
BRDA:36,1,1,1
BRDA:40,2,0,1
BRDA:40,2,1,0
BRDA:50,3,0,1
BRDA:50,3,1,2
BRDA:66,4,0,1
BRDA:66,4,1,1
BRDA:74,5,0,1
BRDA:74,5,1,1
BRDA:83,6,0,0
BRDA:83,6,1,0
BRDA:87,7,0,0
BRDA:87,7,1,0
BRDA:104,8,0,2
BRDA:104,8,1,2
BRDA:104,8,2,2
BRF:19
BRH:13
end_of_record
TN:
SF:src\services\armorService.ts
FN:13,(anonymous_7)
FN:17,(anonymous_8)
FN:28,(anonymous_10)
FN:36,(anonymous_12)
FN:40,(anonymous_14)
FN:48,(anonymous_16)
FN:57,hasEmptyRequiredFields
FN:60,(anonymous_19)
FNF:8
FNH:8
FNDA:12,(anonymous_7)
FNDA:2,(anonymous_8)
FNDA:3,(anonymous_10)
FNDA:2,(anonymous_12)
FNDA:2,(anonymous_14)
FNDA:2,(anonymous_16)
FNDA:1,hasEmptyRequiredFields
FNDA:3,(anonymous_19)
DA:2,1
DA:3,1
DA:4,1
DA:6,1
DA:9,1
DA:14,12
DA:18,2
DA:19,2
DA:20,1
DA:22,1
DA:23,1
DA:25,0
DA:29,3
DA:30,3
DA:31,1
DA:33,2
DA:37,2
DA:41,2
DA:42,2
DA:43,1
DA:45,1
DA:49,2
DA:50,2
DA:51,1
DA:53,1
DA:59,1
DA:60,1
DA:61,3
DA:62,3
DA:67,1
LF:30
LH:29
BRDA:19,0,0,1
BRDA:19,0,1,1
BRDA:22,1,0,1
BRDA:22,1,1,0
BRDA:30,2,0,1
BRDA:30,2,1,2
BRDA:42,3,0,1
BRDA:42,3,1,1
BRDA:50,4,0,1
BRDA:50,4,1,1
BRDA:62,5,0,3
BRDA:62,5,1,3
BRDA:62,5,2,3
BRF:13
BRH:12
end_of_record
TN:
SF:src\services\shieldService.ts
FN:12,(anonymous_7)
FN:16,(anonymous_8)
FN:27,(anonymous_10)
FN:35,(anonymous_12)
FN:39,(anonymous_14)
FN:47,(anonymous_16)
FN:56,hasEmptyRequiredFields
FN:59,(anonymous_19)
FNF:8
FNH:8
FNDA:12,(anonymous_7)
FNDA:2,(anonymous_8)
FNDA:3,(anonymous_10)
FNDA:2,(anonymous_12)
FNDA:2,(anonymous_14)
FNDA:2,(anonymous_16)
FNDA:1,hasEmptyRequiredFields
FNDA:3,(anonymous_19)
DA:1,1
DA:3,1
DA:4,1
DA:5,1
DA:8,1
DA:13,12
DA:17,2
DA:18,2
DA:19,1
DA:21,1
DA:22,1
DA:24,0
DA:28,3
DA:29,3
DA:30,1
DA:32,2
DA:36,2
DA:40,2
DA:41,2
DA:42,1
DA:44,1
DA:48,2
DA:49,2
DA:50,1
DA:52,1
DA:58,1
DA:59,1
DA:60,3
DA:61,3
DA:65,1
LF:30
LH:29
BRDA:18,0,0,1
BRDA:18,0,1,1
BRDA:21,1,0,1
BRDA:21,1,1,0
BRDA:29,2,0,1
BRDA:29,2,1,2
BRDA:41,3,0,1
BRDA:41,3,1,1
BRDA:49,4,0,1
BRDA:49,4,1,1
BRDA:61,5,0,3
BRDA:61,5,1,3
BRDA:61,5,2,3
BRF:13
BRH:12
end_of_record
TN:
SF:src\services\talismanService.ts
FN:11,(anonymous_7)
FN:14,(anonymous_8)
FN:25,(anonymous_10)
FN:33,(anonymous_12)
FN:37,(anonymous_14)
FN:45,(anonymous_16)
FN:53,hasEmptyRequiredFields
FN:56,(anonymous_19)
FNF:8
FNH:8
FNDA:12,(anonymous_7)
FNDA:2,(anonymous_8)
FNDA:3,(anonymous_10)
FNDA:2,(anonymous_12)
FNDA:2,(anonymous_14)
FNDA:2,(anonymous_16)
FNDA:1,hasEmptyRequiredFields
FNDA:3,(anonymous_19)
DA:1,1
DA:3,1
DA:4,1
DA:5,1
DA:7,1
DA:12,12
DA:15,2
DA:16,2
DA:17,1
DA:19,1
DA:20,1
DA:22,0
DA:26,3
DA:27,3
DA:28,1
DA:30,2
DA:34,2
DA:38,2
DA:39,2
DA:40,1
DA:42,1
DA:46,2
DA:47,2
DA:48,1
DA:50,1
DA:55,1
DA:56,1
DA:57,3
DA:58,3
DA:62,1
LF:30
LH:29
BRDA:16,0,0,1
BRDA:16,0,1,1
BRDA:19,1,0,1
BRDA:19,1,1,0
BRDA:27,2,0,1
BRDA:27,2,1,2
BRDA:39,3,0,1
BRDA:39,3,1,1
BRDA:47,4,0,1
BRDA:47,4,1,1
BRDA:58,5,0,3
BRDA:58,5,1,3
BRDA:58,5,2,3
BRF:13
BRH:12
end_of_record
TN:
SF:src\services\weaponService.ts
FN:13,(anonymous_7)
FN:17,(anonymous_8)
FN:28,(anonymous_10)
FN:36,(anonymous_12)
FN:40,(anonymous_14)
FN:48,(anonymous_16)
FN:57,hasEmptyRequiredFields
FN:60,(anonymous_19)
FNF:8
FNH:8
FNDA:12,(anonymous_7)
FNDA:2,(anonymous_8)
FNDA:3,(anonymous_10)
FNDA:2,(anonymous_12)
FNDA:2,(anonymous_14)
FNDA:2,(anonymous_16)
FNDA:1,hasEmptyRequiredFields
FNDA:3,(anonymous_19)
DA:1,1
DA:2,1
DA:4,1
DA:5,1
DA:9,1
DA:14,12
DA:18,2
DA:19,2
DA:20,1
DA:22,1
DA:23,1
DA:25,0
DA:29,3
DA:30,3
DA:31,1
DA:33,2
DA:37,2
DA:41,2
DA:42,2
DA:43,1
DA:45,1
DA:49,2
DA:50,2
DA:51,1
DA:53,1
DA:59,1
DA:60,1
DA:61,3
DA:62,3
DA:66,1
LF:30
LH:29
BRDA:19,0,0,1
BRDA:19,0,1,1
BRDA:22,1,0,1
BRDA:22,1,1,0
BRDA:30,2,0,1
BRDA:30,2,1,2
BRDA:42,3,0,1
BRDA:42,3,1,1
BRDA:50,4,0,1
BRDA:50,4,1,1
BRDA:62,5,0,3
BRDA:62,5,1,3
BRDA:62,5,2,3
BRF:13
BRH:12
end_of_record
TN:
SF:src\test\fakers\admin.ts
FN:4,makeFakeAdmin
FNF:1
FNH:1
FNDA:8,makeFakeAdmin
DA:1,1
DA:2,1
DA:4,1
DA:5,8
LF:4
LH:4
BRDA:4,0,0,8
BRF:1
BRH:1
end_of_record
TN:
SF:src\test\fakers\armor.ts
FN:4,makeFakeArmor
FNF:1
FNH:1
FNDA:8,makeFakeArmor
DA:1,1
DA:2,1
DA:4,1
DA:5,8
LF:4
LH:4
BRDA:4,0,0,8
BRF:1
BRH:1
end_of_record
TN:
SF:src\test\fakers\shield.ts
FN:4,makeFakeShield
FNF:1
FNH:1
FNDA:8,makeFakeShield
DA:1,1
DA:2,1
DA:4,1
DA:5,8
LF:4
LH:4
BRDA:4,0,0,8
BRF:1
BRH:1
end_of_record
TN:
SF:src\test\fakers\talisman.ts
FN:4,makeFakeTalisman
FNF:1
FNH:1
FNDA:8,makeFakeTalisman
DA:1,1
DA:2,1
DA:4,1
DA:5,8
LF:4
LH:4
BRDA:4,0,0,8
BRF:1
BRH:1
end_of_record
TN:
SF:src\test\fakers\weapon.ts
FN:5,makeFakeWeapon
FNF:1
FNH:1
FNDA:8,makeFakeWeapon
DA:1,1
DA:2,1
DA:5,1
DA:6,8
LF:4
LH:4
BRDA:5,0,0,8
BRF:1
BRH:1
end_of_record
